# JRE version: Java(TM) SE Runtime Environment (8.0_151-b12) (build 1.8.0_151-b12)
# Java VM: Java HotSpot(TM) 64-Bit Server VM (25.151-b12 mixed mode windows-amd64 compressed oops)
Heap:
 PSYoungGen      total 86528K, used 7242K [0x0000000780900000, 0x0000000786700000, 0x00000007c0000000)
  eden space 76800K, 9% used [0x0000000780900000,0x0000000781012ba0,0x0000000785400000)
  from space 9728K, 0% used [0x0000000785400000,0x0000000785400000,0x0000000785d80000)
  to   space 9728K, 0% used [0x0000000785d80000,0x0000000785d80000,0x0000000786700000)
 ParOldGen       total 79360K, used 10614K [0x0000000701a00000, 0x0000000706780000, 0x0000000780900000)
  object space 79360K, 13% used [0x0000000701a00000,0x000000070245dab8,0x0000000706780000)
 Metaspace       used 27610K, capacity 28557K, committed 28672K, reserved 1089536K
  class space    used 3844K, capacity 4068K, committed 4096K, reserved 1048576K
GC Heap History (10 events):
Event: 2.981 GC heap before
{Heap before GC invocations=18 (full 7):
 PSYoungGen      total 86528K, used 0K [0x0000000780900000, 0x0000000786700000, 0x00000007c0000000)
  eden space 76800K, 0% used [0x0000000780900000,0x0000000780900000,0x0000000785400000)
  from space 9728K, 0% used [0x0000000785400000,0x0000000785400000,0x0000000785d80000)
  to   space 9728K, 0% used [0x0000000785d80000,0x0000000785d80000,0x0000000786700000)
 ParOldGen       total 79360K, used 11895K [0x0000000701a00000, 0x0000000706780000, 0x0000000780900000)
  object space 79360K, 14% used [0x0000000701a00000,0x000000070259ddb0,0x0000000706780000)
 Metaspace       used 26841K, capacity 27747K, committed 27776K, reserved 1089536K
  class space    used 3716K, capacity 3957K, committed 3968K, reserved 1048576K
Event: 3.070 GC heap after
Heap after GC invocations=18 (full 7):
 PSYoungGen      total 86528K, used 0K [0x0000000780900000, 0x0000000786700000, 0x00000007c0000000)
  eden space 76800K, 0% used [0x0000000780900000,0x0000000780900000,0x0000000785400000)
  from space 9728K, 0% used [0x0000000785400000,0x0000000785400000,0x0000000785d80000)
  to   space 9728K, 0% used [0x0000000785d80000,0x0000000785d80000,0x0000000786700000)
 ParOldGen       total 79360K, used 9391K [0x0000000701a00000, 0x0000000706780000, 0x0000000780900000)
  object space 79360K, 11% used [0x0000000701a00000,0x000000070232beb8,0x0000000706780000)
 Metaspace       used 26731K, capacity 27571K, committed 27776K, reserved 1085440K
  class space    used 3697K, capacity 3923K, committed 3968K, reserved 1048576K
}
Event: 3.205 GC heap before
{Heap before GC invocations=19 (full 7):
 PSYoungGen      total 86528K, used 19462K [0x0000000780900000, 0x0000000786700000, 0x00000007c0000000)
  eden space 76800K, 25% used [0x0000000780900000,0x0000000781c01950,0x0000000785400000)
  from space 9728K, 0% used [0x0000000785400000,0x0000000785400000,0x0000000785d80000)
  to   space 9728K, 0% used [0x0000000785d80000,0x0000000785d80000,0x0000000786700000)
 ParOldGen       total 79360K, used 9391K [0x0000000701a00000, 0x0000000706780000, 0x0000000780900000)
  object space 79360K, 11% used [0x0000000701a00000,0x000000070232beb8,0x0000000706780000)
 Metaspace       used 27391K, capacity 28239K, committed 28416K, reserved 1091584K
  class space    used 3802K, capacity 4031K, committed 4096K, reserved 1048576K
Event: 3.206 GC heap after
Heap after GC invocations=19 (full 7):
 PSYoungGen      total 86528K, used 1752K [0x0000000780900000, 0x0000000786700000, 0x00000007c0000000)
  eden space 76800K, 0% used [0x0000000780900000,0x0000000780900000,0x0000000785400000)
  from space 9728K, 18% used [0x0000000785d80000,0x0000000785f363d8,0x0000000786700000)
  to   space 9728K, 0% used [0x0000000785400000,0x0000000785400000,0x0000000785d80000)
 ParOldGen       total 79360K, used 9391K [0x0000000701a00000, 0x0000000706780000, 0x0000000780900000)
  object space 79360K, 11% used [0x0000000701a00000,0x000000070232beb8,0x0000000706780000)
 Metaspace       used 27391K, capacity 28239K, committed 28416K, reserved 1091584K
  class space    used 3802K, capacity 4031K, committed 4096K, reserved 1048576K
}
Event: 3.206 GC heap before
{Heap before GC invocations=20 (full 8):
 PSYoungGen      total 86528K, used 1752K [0x0000000780900000, 0x0000000786700000, 0x00000007c0000000)
  eden space 76800K, 0% used [0x0000000780900000,0x0000000780900000,0x0000000785400000)
  from space 9728K, 18% used [0x0000000785d80000,0x0000000785f363d8,0x0000000786700000)
  to   space 9728K, 0% used [0x0000000785400000,0x0000000785400000,0x0000000785d80000)
 ParOldGen       total 79360K, used 9391K [0x0000000701a00000, 0x0000000706780000, 0x0000000780900000)
  object space 79360K, 11% used [0x0000000701a00000,0x000000070232beb8,0x0000000706780000)
 Metaspace       used 27391K, capacity 28239K, committed 28416K, reserved 1091584K
  class space    used 3802K, capacity 4031K, committed 4096K, reserved 1048576K
Event: 3.309 GC heap after
Heap after GC invocations=20 (full 8):
 PSYoungGen      total 86528K, used 0K [0x0000000780900000, 0x0000000786700000, 0x00000007c0000000)
  eden space 76800K, 0% used [0x0000000780900000,0x0000000780900000,0x0000000785400000)
  from space 9728K, 0% used [0x0000000785d80000,0x0000000785d80000,0x0000000786700000)
  to   space 9728K, 0% used [0x0000000785400000,0x0000000785400000,0x0000000785d80000)
 ParOldGen       total 79360K, used 10885K [0x0000000701a00000, 0x0000000706780000, 0x0000000780900000)
  object space 79360K, 13% used [0x0000000701a00000,0x00000007024a15f0,0x0000000706780000)
 Metaspace       used 27391K, capacity 28239K, committed 28416K, reserved 1089536K
  class space    used 3802K, capacity 4031K, committed 4096K, reserved 1048576K
}
Event: 3.309 GC heap before
{Heap before GC invocations=21 (full 8):
 PSYoungGen      total 86528K, used 0K [0x0000000780900000, 0x0000000786700000, 0x00000007c0000000)
  eden space 76800K, 0% used [0x0000000780900000,0x0000000780900000,0x0000000785400000)
  from space 9728K, 0% used [0x0000000785d80000,0x0000000785d80000,0x0000000786700000)
  to   space 9728K, 0% used [0x0000000785400000,0x0000000785400000,0x0000000785d80000)
 ParOldGen       total 79360K, used 10885K [0x0000000701a00000, 0x0000000706780000, 0x0000000780900000)
  object space 79360K, 13% used [0x0000000701a00000,0x00000007024a15f0,0x0000000706780000)
 Metaspace       used 27391K, capacity 28239K, committed 28416K, reserved 1093632K
  class space    used 3802K, capacity 4031K, committed 4096K, reserved 1048576K
Event: 3.310 GC heap after
Heap after GC invocations=21 (full 8):
 PSYoungGen      total 86528K, used 0K [0x0000000780900000, 0x0000000786700000, 0x00000007c0000000)
  eden space 76800K, 0% used [0x0000000780900000,0x0000000780900000,0x0000000785400000)
  from space 9728K, 0% used [0x0000000785400000,0x0000000785400000,0x0000000785d80000)
  to   space 9728K, 0% used [0x0000000785d80000,0x0000000785d80000,0x0000000786700000)
 ParOldGen       total 79360K, used 10885K [0x0000000701a00000, 0x0000000706780000, 0x0000000780900000)
  object space 79360K, 13% used [0x0000000701a00000,0x00000007024a15f0,0x0000000706780000)
 Metaspace       used 27391K, capacity 28239K, committed 28416K, reserved 1093632K
  class space    used 3802K, capacity 4031K, committed 4096K, reserved 1048576K
}
Event: 3.310 GC heap before
{Heap before GC invocations=22 (full 9):
 PSYoungGen      total 86528K, used 0K [0x0000000780900000, 0x0000000786700000, 0x00000007c0000000)
  eden space 76800K, 0% used [0x0000000780900000,0x0000000780900000,0x0000000785400000)
  from space 9728K, 0% used [0x0000000785400000,0x0000000785400000,0x0000000785d80000)
  to   space 9728K, 0% used [0x0000000785d80000,0x0000000785d80000,0x0000000786700000)
 ParOldGen       total 79360K, used 10885K [0x0000000701a00000, 0x0000000706780000, 0x0000000780900000)
  object space 79360K, 13% used [0x0000000701a00000,0x00000007024a15f0,0x0000000706780000)
 Metaspace       used 27391K, capacity 28239K, committed 28416K, reserved 1093632K
  class space    used 3802K, capacity 4031K, committed 4096K, reserved 1048576K
Event: 3.333 GC heap after
Heap after GC invocations=22 (full 9):
 PSYoungGen      total 86528K, used 0K [0x0000000780900000, 0x0000000786700000, 0x00000007c0000000)
  eden space 76800K, 0% used [0x0000000780900000,0x0000000780900000,0x0000000785400000)
  from space 9728K, 0% used [0x0000000785400000,0x0000000785400000,0x0000000785d80000)
  to   space 9728K, 0% used [0x0000000785d80000,0x0000000785d80000,0x0000000786700000)
 ParOldGen       total 79360K, used 10614K [0x0000000701a00000, 0x0000000706780000, 0x0000000780900000)
  object space 79360K, 13% used [0x0000000701a00000,0x000000070245dab8,0x0000000706780000)
 Metaspace       used 27391K, capacity 28239K, committed 28416K, reserved 1089536K
  class space    used 3802K, capacity 4031K, committed 4096K, reserved 1048576K
}

